Pinned toolchain: leanprover/lean4:v4.33.0-rc1
Pinned mathlib: 4608056c77c52468b80773e8dcd585ef821c7c5e
Workflow run: 29758902996
Head SHA: f1170dc567bcd53fa79c4d6610d0a30e089ca174

Audited declarations:

1D bridge
- BernsteinObstacle.basis_nonneg
- BernsteinObstacle.basis_sum_eq_one
- BernsteinObstacle.curve_nonneg
- BernsteinObstacle.curve_mem_Icc
- BernsteinObstacle.curve_le_clipped_curve
- BernsteinObstacle.noPenetration_of_nonnegative_coefficients
- BernsteinObstacle.noPenetration_after_clipping

Coefficient cone
- BernsteinObstacle.coefficientCone_convex
- BernsteinObstacle.clipCoefficients_mem
- BernsteinObstacle.clipCoefficients_idem
- BernsteinObstacle.clipCoefficients_minimal

Tensor-product 3D bridge
- BernsteinObstacle.basis3_nonneg
- BernsteinObstacle.field3_nonneg
- BernsteinObstacle.clipped_field3_nonneg
- BernsteinObstacle.noPenetration3_of_nonnegative_coefficients
- BernsteinObstacle.noPenetration3_after_clipping

Arbitrary-simplex bridge
- BernsteinObstacle.simplexBasis_nonneg
- BernsteinObstacle.simplexField_nonneg
- BernsteinObstacle.clipped_simplexField_nonneg
- BernsteinObstacle.simplex_noPenetration_of_nonnegative_coefficients
- BernsteinObstacle.simplex_noPenetration_after_clipping

Arbitrary-simplex partition and range certificate
- BernsteinObstacle.simplexBasisNat_nonneg
- BernsteinObstacle.simplexBasisNat_sum_eq_one
- BernsteinObstacle.simplexFieldNat_nonneg
- BernsteinObstacle.simplexFieldNat_mem_Icc

Every printed declaration depends only on:
[propext, Classical.choice, Quot.sound]

No sorryAx was reported.
